<?xml version="1.0" encoding="UTF-8"?>
<testng-results ignored="0" total="1" passed="1" failed="0" skipped="0">
  <reporter-output>
  </reporter-output>
  <suite started-at="2025-08-02T18:42:24 IST" name="Surefire suite" finished-at="2025-08-02T18:42:33 IST" duration-ms="8554">
    <groups>
    </groups>
    <test started-at="2025-08-02T18:42:24 IST" name="Surefire test" finished-at="2025-08-02T18:42:33 IST" duration-ms="8554">
      <class name="com.qa.SampleSeleniumTest">
        <test-method signature="testGoogle()[pri:0, instance:com.qa.SampleSeleniumTest@3cc2931c]" started-at="2025-08-02T18:42:24 IST" name="testGoogle" finished-at="2025-08-02T18:42:33 IST" duration-ms="8439" status="PASS">
          <reporter-output>
          </reporter-output>
        </test-method> <!-- testGoogle -->
      </class> <!-- com.qa.SampleSeleniumTest -->
    </test> <!-- Surefire test -->
  </suite> <!-- Surefire suite -->
</testng-results>
