<?xml version="1.0" encoding="UTF-8"?>
<!-- Generated by org.testng.reporters.JUnitXMLReporter -->
<testsuite ignored="0" hostname="Anand" failures="1" tests="1" name="Test2" time="12.501" errors="0" timestamp="2025-10-09T08:18:14 IST">
  <testcase classname="com.qa.tests.Test2" name="verifyscroll1" time="7.667">
    <failure type="java.lang.AssertionError" message="expected [true] but found [false]">
      <![CDATA[java.lang.AssertionError: expected [true] but found [false]
at com.qa.tests.Test2.verifyscroll1(Test2.java:60)
at java.base/java.util.concurrent.Executors$RunnableAdapter.call(Executors.java:545)
at java.base/java.util.concurrent.FutureTask.run(FutureTask.java:328)
at java.base/java.util.concurrent.ThreadPoolExecutor.runWorker(ThreadPoolExecutor.java:1095)
at java.base/java.util.concurrent.ThreadPoolExecutor$Worker.run(ThreadPoolExecutor.java:619)
at java.base/java.lang.Thread.run(Thread.java:1447)
... Removed 18 stack frames]]>
    </failure>
  </testcase> <!-- verifyscroll1 -->
</testsuite> <!-- Test2 -->
